<?xml version="1.0" encoding="UTF-8"?>
<!-- Generated by org.testng.reporters.JUnitReportReporter -->
<testsuite skipped="0" hostname="Dima-dell" name="tests.searchApartment.SearchApartmentTest" tests="2" failures="0" timestamp="22 лют. 2022 14:02:31 GMT" time="16.981" errors="0">
  <testcase name="checkToRedirectToListing" time="10.001" classname="tests.searchApartment.SearchApartmentTest"/>
  <testcase name="takePhoneFirstResultThreeRooms" time="6.980" classname="tests.searchApartment.SearchApartmentTest"/>
</testsuite> <!-- tests.searchApartment.SearchApartmentTest -->
